Arguments: 
  /home/aklinker1/.nvm/versions/node/v13.8.0/bin/node /usr/share/yarn/bin/yarn.js cache clean react-hooks-view-model

PATH: 
  /tmp/yarn--1602199983054-0.7626218375655982:/mnt/data/Development/open-source/react-hooks-view-model/examples/todos/node_modules/.bin:/home/aklinker1/.config/yarn/link/node_modules/.bin:/home/aklinker1/.yarn/bin:/home/aklinker1/.nvm/versions/node/v13.8.0/libexec/lib/node_modules/npm/bin/node-gyp-bin:/home/aklinker1/.nvm/versions/node/v13.8.0/lib/node_modules/npm/bin/node-gyp-bin:/home/aklinker1/.nvm/versions/node/v13.8.0/bin/node_modules/npm/bin/node-gyp-bin:/home/aklinker1/.nvm/versions/node/v13.8.0/bin:/mnt/data/Development/languages/golang/bin:/mnt/data/Development/languages/flutter/bin:/home/aklinker1/.local/bin:/usr/local/bin:/mnt/data/Development/languages/golang/bin:/mnt/data/Development/languages/flutter/bin:/home/aklinker1/.local/bin:/usr/local/bin:/usr/local/sbin:/usr/sbin:/usr/bin:/sbin:/bin:/usr/games:/usr/local/games:/snap/bin:/home/aklinker1/.antigen/bundles/robbyrussell/oh-my-zsh/plugins/git:/home/aklinker1/.antigen/bundles/robbyrussell/oh-my-zsh/plugins/heroku:/home/aklinker1/.antigen/bundles/robbyrussell/oh-my-zsh/plugins/yarn:/home/aklinker1/.antigen/bundles/agkozak/zsh-z:/home/aklinker1/.antigen/bundles/zsh-users/zsh-syntax-highlighting:/home/aklinker1/.antigen/bundles/zsh-users/zsh-completions:/home/aklinker1/.antigen/bundles/lukechilds/zsh-nvm

Yarn version: 
  1.22.4

Node version: 
  13.8.0

Platform: 
  linux x64

Trace: 
  Invariant Violation: There should only be one folder in a package cache (got  in /home/aklinker1/.cache/yarn/v6/npm-realm-ts-class-decorators-1.0.1-0715587c-d9b4-4d92-a260-ac0acccbd64b-1587475373092/node_modules)
      at invariant (/usr/share/yarn/lib/cli.js:2314:15)
      at /usr/share/yarn/lib/cli.js:60673:7
      at Generator.next (<anonymous>)
      at step (/usr/share/yarn/lib/cli.js:310:30)
      at /usr/share/yarn/lib/cli.js:321:13

npm manifest: 
  {
    "name": "react-hooks-view-model",
    "version": "0.1.10",
    "description": "An MVVM implementation written with only hooks to manage state",
    "main": "./lib/index.js",
    "types": "./lib/index.d.ts",
    "repository": "github.com/aklinker1/react-hooks-view-model",
    "author": "Aaron Klinker <aaronklinker1@gmail.com>",
    "license": "MIT",
    "scripts": {
      "build": "rm -rf lib && tsc -p .",
      "compile": "tsc --noEmit -p .",
      "pack-local": "rm *.tgz; npm pack"
    },
    "dependencies": {
      "lodash.get": "^4.4.2",
      "lodash.has": "^4.5.2",
      "lodash.set": "^4.3.2",
      "react-hooks-global-state": "^1.0.1"
    },
    "devDependencies": {
      "@types/lodash.get": "^4.4.6",
      "@types/lodash.has": "^4.5.6",
      "@types/lodash.set": "^4.3.6",
      "typescript": "^4.0.3"
    }
  }

yarn manifest: 
  No manifest

Lockfile: 
  # THIS IS AN AUTOGENERATED FILE. DO NOT EDIT THIS FILE DIRECTLY.
  # yarn lockfile v1
  
  
  "@types/lodash.get@^4.4.6":
    version "4.4.6"
    resolved "https://registry.yarnpkg.com/@types/lodash.get/-/lodash.get-4.4.6.tgz#0c7ac56243dae0f9f09ab6f75b29471e2e777240"
    integrity sha512-E6zzjR3GtNig8UJG/yodBeJeIOtgPkMgsLjDU3CbgCAPC++vJ0eCMnJhVpRZb/ENqEFlov1+3K9TKtY4UdWKtQ==
    dependencies:
      "@types/lodash" "*"
  
  "@types/lodash.has@^4.5.6":
    version "4.5.6"
    resolved "https://registry.yarnpkg.com/@types/lodash.has/-/lodash.has-4.5.6.tgz#d94d3f0b45ced2ae76d632080daf70e9b76e29eb"
    integrity sha512-SpUCvze0uHilQX/mt4K/cak5OQny1pVfz3pJx6H70dE3Tvw9s7EtlMK+vY6UBS+PQgETDfv6vhwoa3FPS2wrhg==
    dependencies:
      "@types/lodash" "*"
  
  "@types/lodash.set@^4.3.6":
    version "4.3.6"
    resolved "https://registry.yarnpkg.com/@types/lodash.set/-/lodash.set-4.3.6.tgz#33e635c2323f855359225df6a5c8c6f1f1908264"
    integrity sha512-ZeGDDlnRYTvS31Laij0RsSaguIUSBTYIlJFKL3vm3T2OAZAQj2YpSvVWJc0WiG4jqg9fGX6PAPGvDqBcHfSgFg==
    dependencies:
      "@types/lodash" "*"
  
  "@types/lodash@*":
    version "4.14.161"
    resolved "https://registry.yarnpkg.com/@types/lodash/-/lodash-4.14.161.tgz#a21ca0777dabc6e4f44f3d07f37b765f54188b18"
    integrity sha512-EP6O3Jkr7bXvZZSZYlsgt5DIjiGr0dXP1/jVEwVLTFgg0d+3lWVQkRavYVQszV7dYUwvg0B8R0MBDpcmXg7XIA==
  
  lodash.get@^4.4.2:
    version "4.4.2"
    resolved "https://registry.yarnpkg.com/lodash.get/-/lodash.get-4.4.2.tgz#2d177f652fa31e939b4438d5341499dfa3825e99"
    integrity sha1-LRd/ZS+jHpObRDjVNBSZ36OCXpk=
  
  lodash.has@^4.5.2:
    version "4.5.2"
    resolved "https://registry.yarnpkg.com/lodash.has/-/lodash.has-4.5.2.tgz#d19f4dc1095058cccbe2b0cdf4ee0fe4aa37c862"
    integrity sha1-0Z9NwQlQWMzL4rDN9O4P5Ko3yGI=
  
  lodash.set@^4.3.2:
    version "4.3.2"
    resolved "https://registry.yarnpkg.com/lodash.set/-/lodash.set-4.3.2.tgz#d8757b1da807dde24816b0d6a84bea1a76230b23"
    integrity sha1-2HV7HagH3eJIFrDWqEvqGnYjCyM=
  
  react-hooks-global-state@^1.0.1:
    version "1.0.1"
    resolved "https://registry.yarnpkg.com/react-hooks-global-state/-/react-hooks-global-state-1.0.1.tgz#3e4e1009f3e8a6fd001cd507808b4f1b289e9b27"
    integrity sha512-GFe/7KOdf8toByd8eF5LBhogMn65XSyghIzInsnA1e8vqIxGdT2Ohs2Ohdclp8CX0QU9xNj72ZIt+WD/SQEh9Q==
  
  typescript@^4.0.3:
    version "4.0.3"
    resolved "https://registry.yarnpkg.com/typescript/-/typescript-4.0.3.tgz#153bbd468ef07725c1df9c77e8b453f8d36abba5"
    integrity sha512-tEu6DGxGgRJPb/mVPIZ48e69xCn2yRmCgYmDugAVwmJ6o+0u1RI18eO7E7WBTLYLaEVVOhwQmcdhQHweux/WPg==
